<?xml version="1.0" encoding="UTF-8"?>
<!-- Generated by org.testng.reporters.JUnitReportReporter -->
<testsuite hostname="thanhvc-w7" name="example.NewTest" tests="1" failures="0" timestamp="21 Jul 2016 02:30:28 GMT" time="14.878" errors="0">
  <testcase name="testEasy" time="14.878" classname="example.NewTest"/>
</testsuite> <!-- example.NewTest -->
